2025-03-18 12:46:33,387 - INFO - Active window: main.py - Untitled (Workspace) - Visual Studio Code [Administrator]
2025-03-18 12:46:36,443 - INFO - Active window: Iriun Webcam v2.8.9
2025-03-18 12:46:36,495 - INFO - Initial image saved.
2025-03-18 12:46:37,538 - INFO - Change detected: 131 pixels changed.
2025-03-18 12:46:38,585 - INFO - Change detected: 139268 pixels changed.
2025-03-18 12:46:39,629 - INFO - Change detected: 106483 pixels changed.
2025-03-18 12:46:40,680 - INFO - Change detected: 105154 pixels changed.
2025-03-18 12:46:40,680 - INFO - Trigger detected after 4 consecutive triggers!
2025-03-18 12:46:41,730 - INFO - Change detected: 129625 pixels changed.
2025-03-18 12:46:42,774 - INFO - Change detected: 105091 pixels changed.
2025-03-18 12:46:43,819 - INFO - Change detected: 16703 pixels changed.
2025-03-18 12:46:47,995 - INFO - Change detected: 54574 pixels changed.
2025-03-18 12:46:47,995 - INFO - Trigger detected after 4 consecutive triggers!
2025-03-18 12:46:49,040 - INFO - Change detected: 72148 pixels changed.
2025-03-18 12:46:50,083 - INFO - Change detected: 49821 pixels changed.
2025-03-18 12:46:51,129 - INFO - Change detected: 68510 pixels changed.
2025-03-18 12:46:52,174 - INFO - Change detected: 86650 pixels changed.
2025-03-18 12:46:52,175 - INFO - Trigger detected after 4 consecutive triggers!
2025-03-18 12:46:53,216 - INFO - Change detected: 58519 pixels changed.
2025-03-18 12:46:55,305 - INFO - Change detected: 136 pixels changed.
2025-03-18 12:47:04,805 - INFO - Change detected: 55259 pixels changed.
2025-03-18 12:47:05,863 - INFO - Change detected: 47995 pixels changed.
2025-03-18 12:47:05,863 - INFO - Trigger detected after 4 consecutive triggers!
2025-03-18 12:47:11,140 - INFO - Change detected: 296145 pixels changed.
2025-03-18 12:47:12,195 - INFO - Change detected: 286000 pixels changed.
2025-03-18 12:47:13,255 - INFO - Change detected: 4692 pixels changed.
2025-03-18 12:47:14,315 - INFO - Change detected: 4293 pixels changed.
2025-03-18 12:47:14,315 - INFO - Trigger detected after 4 consecutive triggers!
2025-03-18 12:47:15,372 - INFO - Change detected: 628 pixels changed.
2025-03-18 12:47:19,602 - INFO - Change detected: 102 pixels changed.
2025-03-18 12:47:20,660 - INFO - Change detected: 130 pixels changed.
2025-03-18 12:47:24,899 - INFO - Change detected: 6205 pixels changed.
2025-03-18 12:47:24,899 - INFO - Trigger detected after 4 consecutive triggers!
2025-03-18 12:47:25,957 - INFO - Change detected: 15329 pixels changed.
2025-03-18 12:47:27,013 - INFO - Change detected: 16466 pixels changed.
2025-03-18 12:47:28,052 - INFO - Change detected: 11954 pixels changed.
2025-03-18 12:47:29,095 - INFO - Change detected: 17823 pixels changed.
2025-03-18 12:47:29,095 - INFO - Trigger detected after 4 consecutive triggers!
2025-03-18 12:47:31,194 - INFO - Change detected: 36571 pixels changed.
2025-03-18 12:47:32,253 - INFO - Change detected: 165963 pixels changed.
2025-03-18 12:47:33,307 - INFO - Change detected: 159246 pixels changed.
2025-03-18 12:47:38,540 - INFO - Active window: main.py - Untitled (Workspace) - Visual Studio Code [Administrator]
2025-03-18 12:47:56,548 - INFO - Active window: motion-detector - Untitled (Workspace) - Visual Studio Code [Administrator]
2025-03-18 12:47:57,549 - INFO - Active window: main.py - Untitled (Workspace) - Visual Studio Code [Administrator]
2025-03-18 12:48:07,555 - INFO - Active window: system_monitor.log - Untitled (Workspace) - Visual Studio Code [Administrator]
2025-03-18 12:48:32,567 - INFO - Active window: программа для проверки изменений в окне компьютера - Monica - Google Chrome
2025-03-18 12:49:15,585 - INFO - Active window: Iriun Webcam v2.8.9
2025-03-18 12:49:15,635 - INFO - Change detected: 180436 pixels changed.
2025-03-18 12:49:15,635 - INFO - Trigger detected after 4 consecutive triggers!
2025-03-18 12:49:16,680 - INFO - Change detected: 219400 pixels changed.
2025-03-18 12:49:17,723 - INFO - Change detected: 245279 pixels changed.
2025-03-18 12:49:18,770 - INFO - Change detected: 326606 pixels changed.
2025-03-18 12:49:19,816 - INFO - Change detected: 325688 pixels changed.
2025-03-18 12:49:19,816 - INFO - Trigger detected after 4 consecutive triggers!
2025-03-18 12:49:20,860 - INFO - Change detected: 210495 pixels changed.
2025-03-18 12:49:21,910 - INFO - Change detected: 831 pixels changed.
2025-03-18 12:49:26,095 - INFO - Change detected: 1027 pixels changed.
2025-03-18 12:49:27,096 - INFO - Active window: main.py - Untitled (Workspace) - Visual Studio Code [Administrator]
2025-03-18 12:49:43,104 - INFO - Active window: \u25cf main.py - Untitled (Workspace) - Visual Studio Code [Administrator]
2025-03-18 12:49:45,105 - INFO - Active window: main.py - Untitled (Workspace) - Visual Studio Code [Administrator]
2025-03-18 12:49:55,110 - INFO - Exiting program by pressing 'E'.
2025-03-18 12:50:02,382 - INFO - Active window: main.py - Untitled (Workspace) - Visual Studio Code [Administrator]
2025-03-18 12:50:05,432 - INFO - Active window: Iriun Webcam v2.8.9
2025-03-18 12:50:05,475 - INFO - Initial image saved.
2025-03-18 12:50:06,517 - INFO - Change detected: 169552 pixels changed.
2025-03-18 12:50:07,563 - INFO - Change detected: 109524 pixels changed.
2025-03-18 12:50:08,604 - INFO - Change detected: 86186 pixels changed.
2025-03-18 12:50:09,654 - INFO - Change detected: 51801 pixels changed.
2025-03-18 12:50:09,654 - INFO - Trigger detected after 4 consecutive triggers!
2025-03-18 12:50:13,846 - INFO - Change detected: 46785 pixels changed.
2025-03-18 12:50:14,893 - INFO - Change detected: 39216 pixels changed.
2025-03-18 12:50:15,958 - INFO - Change detected: 6359 pixels changed.
2025-03-18 12:50:19,105 - INFO - Change detected: 409 pixels changed.
2025-03-18 12:50:19,105 - INFO - Trigger detected after 4 consecutive triggers!
2025-03-18 12:50:20,148 - INFO - Change detected: 527 pixels changed.
2025-03-18 12:50:21,195 - INFO - Change detected: 1366 pixels changed.
2025-03-18 12:50:25,331 - INFO - Active window: main.py - Untitled (Workspace) - Visual Studio Code [Administrator]
2025-03-18 12:50:27,332 - INFO - Active window: \u25cf main.py - Untitled (Workspace) - Visual Studio Code [Administrator]
2025-03-18 12:50:30,334 - INFO - Active window: main.py - Untitled (Workspace) - Visual Studio Code [Administrator]
2025-03-18 12:50:36,337 - INFO - Exiting program by pressing 'E'.
2025-03-18 12:50:40,048 - INFO - Active window: main.py - Untitled (Workspace) - Visual Studio Code [Administrator]
2025-03-18 12:50:45,102 - INFO - Active window: Iriun Webcam v2.8.9
2025-03-18 12:50:45,146 - INFO - Initial image saved.
2025-03-18 12:50:46,190 - INFO - Change detected: 4892 pixels changed.
2025-03-18 12:50:47,233 - INFO - Change detected: 4423 pixels changed.
2025-03-18 12:50:50,367 - INFO - Change detected: 42744 pixels changed.
2025-03-18 12:50:51,413 - INFO - Change detected: 63683 pixels changed.
2025-03-18 12:50:51,414 - INFO - Trigger detected after 4 consecutive triggers!
2025-03-18 12:50:52,458 - INFO - Change detected: 107885 pixels changed.
2025-03-18 12:50:53,500 - INFO - Change detected: 3278 pixels changed.
2025-03-18 12:50:55,588 - INFO - Change detected: 163 pixels changed.
2025-03-18 12:50:56,634 - INFO - Change detected: 44543 pixels changed.
2025-03-18 12:50:56,634 - INFO - Trigger detected after 4 consecutive triggers!
2025-03-18 12:50:57,679 - INFO - Change detected: 45357 pixels changed.
2025-03-18 12:50:58,722 - INFO - Change detected: 104106 pixels changed.
2025-03-18 12:50:59,765 - INFO - Change detected: 103691 pixels changed.
2025-03-18 12:51:00,810 - INFO - Change detected: 142046 pixels changed.
2025-03-18 12:51:00,810 - INFO - Trigger detected after 4 consecutive triggers!
2025-03-18 12:51:01,855 - INFO - Change detected: 138627 pixels changed.
2025-03-18 12:51:02,902 - INFO - Change detected: 188 pixels changed.
2025-03-18 12:51:03,953 - INFO - Change detected: 520 pixels changed.
2025-03-18 12:51:05,004 - INFO - Change detected: 272 pixels changed.
2025-03-18 12:51:05,004 - INFO - Trigger detected after 4 consecutive triggers!
2025-03-18 12:51:07,069 - INFO - Active window: программа для проверки изменений в окне компьютера - Monica - Google Chrome
2025-03-18 12:51:10,070 - INFO - Active window: main.py - Untitled (Workspace) - Visual Studio Code [Administrator]
2025-03-18 12:51:11,071 - INFO - Active window: \u25cf main.py - Untitled (Workspace) - Visual Studio Code [Administrator]
2025-03-18 12:51:12,072 - INFO - Active window: main.py - Untitled (Workspace) - Visual Studio Code [Administrator]
2025-03-18 12:51:19,074 - INFO - Exiting program by pressing 'E'.
2025-03-18 12:51:23,821 - INFO - Активное окно: main.py - Untitled (Workspace) - Visual Studio Code [Administrator]
2025-03-18 12:51:26,892 - INFO - Активное окно: Iriun Webcam v2.8.9
2025-03-18 12:51:26,945 - INFO - Сохранено начальное изображение.
2025-03-18 12:51:27,991 - INFO - Обнаружено изменение: 203 изменённых пикселей.
2025-03-18 12:51:29,034 - INFO - Обнаружено изменение: 218 изменённых пикселей.
2025-03-18 12:51:30,078 - INFO - Обнаружено изменение: 167 изменённых пикселей.
2025-03-18 12:51:31,124 - INFO - Обнаружено изменение: 834 изменённых пикселей.
2025-03-18 12:51:31,138 - INFO - Срабатывание обнаружено после 4 последовательных срабатываний! Всего срабатываний: 4
2025-03-18 12:51:32,182 - INFO - Обнаружено изменение: 97245 изменённых пикселей.
2025-03-18 12:51:33,225 - INFO - Обнаружено изменение: 70720 изменённых пикселей.
2025-03-18 12:51:34,272 - INFO - Обнаружено изменение: 19001 изменённых пикселей.
2025-03-18 12:51:35,317 - INFO - Обнаружено изменение: 16320 изменённых пикселей.
2025-03-18 12:51:35,323 - INFO - Срабатывание обнаружено после 4 последовательных срабатываний! Всего срабатываний: 8
2025-03-18 12:51:36,365 - INFO - Обнаружено изменение: 20296 изменённых пикселей.
2025-03-18 12:51:37,411 - INFO - Обнаружено изменение: 15299 изменённых пикселей.
2025-03-18 12:51:38,458 - INFO - Обнаружено изменение: 80026 изменённых пикселей.
2025-03-18 12:51:39,460 - INFO - Активное окно: программа для проверки изменений в окне компьютера - Monica - Google Chrome
2025-03-18 12:52:09,474 - INFO - Активное окно: main.py - Untitled (Workspace) - Visual Studio Code [Administrator]
2025-03-18 12:52:13,476 - INFO - Активное окно: \u25cf main.py - Untitled (Workspace) - Visual Studio Code [Administrator]
2025-03-18 12:52:14,476 - INFO - Активное окно: main.py - Untitled (Workspace) - Visual Studio Code [Administrator]
2025-03-18 12:52:26,235 - INFO - Активное окно: main.py - Untitled (Workspace) - Visual Studio Code [Administrator]
2025-03-18 12:52:28,293 - INFO - Активное окно: Iriun Webcam v2.8.9
2025-03-18 12:52:28,339 - INFO - Сохранено начальное изображение.
2025-03-18 12:52:32,530 - INFO - Срабатывание обнаружено! Всего срабатываний: 4
2025-03-18 12:52:36,710 - INFO - Срабатывание обнаружено! Всего срабатываний: 8
2025-03-18 12:52:42,979 - INFO - Срабатывание обнаружено! Всего срабатываний: 12
2025-03-18 12:52:47,188 - INFO - Срабатывание обнаружено! Всего срабатываний: 16
2025-03-18 12:52:51,381 - INFO - Срабатывание обнаружено! Всего срабатываний: 20
2025-03-18 12:53:01,877 - INFO - Срабатывание обнаружено! Всего срабатываний: 24
2025-03-18 12:53:04,981 - INFO - Активное окно: программа для проверки изменений в окне компьютера - Monica - Google Chrome
2025-03-18 12:54:43,029 - INFO - Активное окно: Яндекс Музыка — собираем музыку для вас
2025-03-18 12:54:46,031 - INFO - Активное окно: программа для проверки изменений в окне компьютера - Monica - Google Chrome
2025-03-18 12:54:52,034 - INFO - Активное окно: Iriun Webcam v2.8.9
2025-03-18 12:54:53,139 - INFO - Срабатывание обнаружено! Всего срабатываний: 28
2025-03-18 12:54:57,342 - INFO - Срабатывание обнаружено! Всего срабатываний: 32
2025-03-18 12:55:01,532 - INFO - Срабатывание обнаружено! Всего срабатываний: 36
2025-03-18 12:55:03,577 - INFO - Активное окно: программа для проверки изменений в окне компьютера - Monica - Google Chrome
2025-03-18 12:55:10,581 - INFO - Активное окно: main.py - Untitled (Workspace) - Visual Studio Code [Administrator]
2025-03-18 12:55:16,585 - INFO - Выход из программы по нажатию клавиши 'E'.
2025-03-18 12:55:18,526 - INFO - Активное окно: main.py - Untitled (Workspace) - Visual Studio Code [Administrator]
2025-03-18 12:55:23,577 - INFO - Активное окно: Iriun Webcam v2.8.9
2025-03-18 12:55:23,626 - INFO - Сохранено начальное изображение.
2025-03-18 12:55:27,821 - INFO - Срабатывание обнаружено! Групповое количество срабатываний: 1
2025-03-18 12:55:32,016 - INFO - Срабатывание обнаружено! Групповое количество срабатываний: 2
2025-03-18 12:55:36,202 - INFO - Срабатывание обнаружено! Групповое количество срабатываний: 3
2025-03-18 12:55:57,108 - INFO - Срабатывание обнаружено! Групповое количество срабатываний: 4
2025-03-18 12:56:02,362 - INFO - Срабатывание обнаружено! Групповое количество срабатываний: 5
2025-03-18 12:56:07,615 - INFO - Срабатывание обнаружено! Групповое количество срабатываний: 6
2025-03-18 12:56:13,907 - INFO - Срабатывание обнаружено! Групповое количество срабатываний: 7
2025-03-18 12:56:20,214 - INFO - Срабатывание обнаружено! Групповое количество срабатываний: 8
2025-03-18 12:56:24,362 - INFO - Активное окно: system_monitor.log - Untitled (Workspace) - Visual Studio Code [Administrator]
2025-03-18 12:56:31,365 - INFO - Активное окно: main.py - Untitled (Workspace) - Visual Studio Code [Administrator]
2025-03-18 12:56:33,367 - INFO - Активное окно: программа для проверки изменений в окне компьютера - Monica - Google Chrome
2025-03-18 12:57:57,404 - INFO - Активное окно: Iriun Webcam v2.8.9
2025-03-18 12:57:57,456 - INFO - Срабатывание обнаружено! Групповое количество срабатываний: 9
2025-03-18 12:58:10,053 - INFO - Активное окно: main.py - Untitled (Workspace) - Visual Studio Code [Administrator]
2025-03-18 12:58:10,053 - INFO - Выход из программы по нажатию клавиши 'E'.
2025-03-18 12:58:25,122 - INFO - РђРєС‚РёРІРЅРѕРµ РѕРєРЅРѕ: main.py - Untitled (Workspace) - Visual Studio Code [Administrator]
2025-03-18 12:58:32,196 - INFO - РђРєС‚РёРІРЅРѕРµ РѕРєРЅРѕ: Iriun Webcam v2.8.9
2025-03-18 12:58:32,243 - INFO - РЎРѕС…СЂР°РЅРµРЅРѕ РЅР°С‡Р°Р»СЊРЅРѕРµ РёР·РѕР±СЂР°Р¶РµРЅРёРµ.
2025-03-18 12:58:46,887 - INFO - РЎСЂР°Р±Р°С‚С‹РІР°РЅРёРµ РѕР±РЅР°СЂСѓР¶РµРЅРѕ! Р“СЂСѓРїРїРѕРІРѕРµ РєРѕР»РёС‡РµСЃС‚РІРѕ СЃСЂР°Р±Р°С‚С‹РІР°РЅРёР№: 1. РР·РјРµРЅРµРЅРѕ РїРёРєСЃРµР»РµР№: 80206
2025-03-18 12:58:52,136 - INFO - РЎСЂР°Р±Р°С‚С‹РІР°РЅРёРµ РѕР±РЅР°СЂСѓР¶РµРЅРѕ! Р“СЂСѓРїРїРѕРІРѕРµ РєРѕР»РёС‡РµСЃС‚РІРѕ СЃСЂР°Р±Р°С‚С‹РІР°РЅРёР№: 2. РР·РјРµРЅРµРЅРѕ РїРёРєСЃРµР»РµР№: 53345
2025-03-18 12:58:56,364 - INFO - РЎСЂР°Р±Р°С‚С‹РІР°РЅРёРµ РѕР±РЅР°СЂСѓР¶РµРЅРѕ! Р“СЂСѓРїРїРѕРІРѕРµ РєРѕР»РёС‡РµСЃС‚РІРѕ СЃСЂР°Р±Р°С‚С‹РІР°РЅРёР№: 3. РР·РјРµРЅРµРЅРѕ РїРёРєСЃРµР»РµР№: 32773
2025-03-18 12:59:12,138 - INFO - РЎСЂР°Р±Р°С‚С‹РІР°РЅРёРµ РѕР±РЅР°СЂСѓР¶РµРЅРѕ! Р“СЂСѓРїРїРѕРІРѕРµ РєРѕР»РёС‡РµСЃС‚РІРѕ СЃСЂР°Р±Р°С‚С‹РІР°РЅРёР№: 4. РР·РјРµРЅРµРЅРѕ РїРёРєСЃРµР»РµР№: 32648
2025-03-18 12:59:17,396 - INFO - РЎСЂР°Р±Р°С‚С‹РІР°РЅРёРµ РѕР±РЅР°СЂСѓР¶РµРЅРѕ! Р“СЂСѓРїРїРѕРІРѕРµ РєРѕР»РёС‡РµСЃС‚РІРѕ СЃСЂР°Р±Р°С‚С‹РІР°РЅРёР№: 5. РР·РјРµРЅРµРЅРѕ РїРёРєСЃРµР»РµР№: 45275
2025-03-18 12:59:21,623 - INFO - РЎСЂР°Р±Р°С‚С‹РІР°РЅРёРµ РѕР±РЅР°СЂСѓР¶РµРЅРѕ! Р“СЂСѓРїРїРѕРІРѕРµ РєРѕР»РёС‡РµСЃС‚РІРѕ СЃСЂР°Р±Р°С‚С‹РІР°РЅРёР№: 6. РР·РјРµРЅРµРЅРѕ РїРёРєСЃРµР»РµР№: 18990
2025-03-18 12:59:25,812 - INFO - РЎСЂР°Р±Р°С‚С‹РІР°РЅРёРµ РѕР±РЅР°СЂСѓР¶РµРЅРѕ! Р“СЂСѓРїРїРѕРІРѕРµ РєРѕР»РёС‡РµСЃС‚РІРѕ СЃСЂР°Р±Р°С‚С‹РІР°РЅРёР№: 7. РР·РјРµРЅРµРЅРѕ РїРёРєСЃРµР»РµР№: 7748
2025-03-18 12:59:30,016 - INFO - РЎСЂР°Р±Р°С‚С‹РІР°РЅРёРµ РѕР±РЅР°СЂСѓР¶РµРЅРѕ! Р“СЂСѓРїРїРѕРІРѕРµ РєРѕР»РёС‡РµСЃС‚РІРѕ СЃСЂР°Р±Р°С‚С‹РІР°РЅРёР№: 8. РР·РјРµРЅРµРЅРѕ РїРёРєСЃРµР»РµР№: 63006
2025-03-18 12:59:35,196 - INFO - РђРєС‚РёРІРЅРѕРµ РѕРєРЅРѕ: main.py - Untitled (Workspace) - Visual Studio Code [Administrator]
2025-03-18 12:59:37,197 - INFO - РђРєС‚РёРІРЅРѕРµ РѕРєРЅРѕ: в—Џ main.py - Untitled (Workspace) - Visual Studio Code [Administrator]
2025-03-18 12:59:41,198 - INFO - РђРєС‚РёРІРЅРѕРµ РѕРєРЅРѕ: main.py - Untitled (Workspace) - Visual Studio Code [Administrator]
2025-03-18 12:59:45,200 - INFO - РђРєС‚РёРІРЅРѕРµ РѕРєРЅРѕ: в—Џ main.py - Untitled (Workspace) - Visual Studio Code [Administrator]
2025-03-18 12:59:48,202 - INFO - РђРєС‚РёРІРЅРѕРµ РѕРєРЅРѕ: main.py - Untitled (Workspace) - Visual Studio Code [Administrator]
2025-03-18 13:00:01,208 - INFO - Р’С‹С…РѕРґ РёР· РїСЂРѕРіСЂР°РјРјС‹ РїРѕ РЅР°Р¶Р°С‚РёСЋ РєР»Р°РІРёС€Рё 'E'.
2025-03-18 13:00:07,315 - INFO - РђРєС‚РёРІРЅРѕРµ РѕРєРЅРѕ: main.py - Untitled (Workspace) - Visual Studio Code [Administrator]
2025-03-18 13:00:09,386 - INFO - РђРєС‚РёРІРЅРѕРµ РѕРєРЅРѕ: Iriun Webcam v2.8.9
2025-03-18 13:00:09,437 - INFO - РЎРѕС…СЂР°РЅРµРЅРѕ РЅР°С‡Р°Р»СЊРЅРѕРµ РёР·РѕР±СЂР°Р¶РµРЅРёРµ.
2025-03-18 13:00:18,886 - INFO - РЎСЂР°Р±Р°С‚С‹РІР°РЅРёРµ РѕР±РЅР°СЂСѓР¶РµРЅРѕ! Р“СЂСѓРїРїРѕРІРѕРµ РєРѕР»РёС‡РµСЃС‚РІРѕ СЃСЂР°Р±Р°С‚С‹РІР°РЅРёР№: 1. РР·РјРµРЅРµРЅРѕ РїРёРєСЃРµР»РµР№: 37046
2025-03-18 13:00:26,250 - INFO - РЎСЂР°Р±Р°С‚С‹РІР°РЅРёРµ РѕР±РЅР°СЂСѓР¶РµРЅРѕ! Р“СЂСѓРїРїРѕРІРѕРµ РєРѕР»РёС‡РµСЃС‚РІРѕ СЃСЂР°Р±Р°С‚С‹РІР°РЅРёР№: 2. РР·РјРµРЅРµРЅРѕ РїРёРєСЃРµР»РµР№: 394428
2025-03-18 13:00:30,458 - INFO - РЎСЂР°Р±Р°С‚С‹РІР°РЅРёРµ РѕР±РЅР°СЂСѓР¶РµРЅРѕ! Р“СЂСѓРїРїРѕРІРѕРµ РєРѕР»РёС‡РµСЃС‚РІРѕ СЃСЂР°Р±Р°С‚С‹РІР°РЅРёР№: 3. РР·РјРµРЅРµРЅРѕ РїРёРєСЃРµР»РµР№: 40760
2025-03-18 13:00:41,999 - INFO - РЎСЂР°Р±Р°С‚С‹РІР°РЅРёРµ РѕР±РЅР°СЂСѓР¶РµРЅРѕ! Р“СЂСѓРїРїРѕРІРѕРµ РєРѕР»РёС‡РµСЃС‚РІРѕ СЃСЂР°Р±Р°С‚С‹РІР°РЅРёР№: 4. РР·РјРµРЅРµРЅРѕ РїРёРєСЃРµР»РµР№: 13785
2025-03-18 13:00:46,185 - INFO - РЎСЂР°Р±Р°С‚С‹РІР°РЅРёРµ РѕР±РЅР°СЂСѓР¶РµРЅРѕ! Р“СЂСѓРїРїРѕРІРѕРµ РєРѕР»РёС‡РµСЃС‚РІРѕ СЃСЂР°Р±Р°С‚С‹РІР°РЅРёР№: 5. РР·РјРµРЅРµРЅРѕ РїРёРєСЃРµР»РµР№: 9002
2025-03-18 13:00:51,463 - INFO - РЎСЂР°Р±Р°С‚С‹РІР°РЅРёРµ РѕР±РЅР°СЂСѓР¶РµРЅРѕ! Р“СЂСѓРїРїРѕРІРѕРµ РєРѕР»РёС‡РµСЃС‚РІРѕ СЃСЂР°Р±Р°С‚С‹РІР°РЅРёР№: 6. РР·РјРµРЅРµРЅРѕ РїРёРєСЃРµР»РµР№: 11284
2025-03-18 13:00:55,680 - INFO - РЎСЂР°Р±Р°С‚С‹РІР°РЅРёРµ РѕР±РЅР°СЂСѓР¶РµРЅРѕ! Р“СЂСѓРїРїРѕРІРѕРµ РєРѕР»РёС‡РµСЃС‚РІРѕ СЃСЂР°Р±Р°С‚С‹РІР°РЅРёР№: 7. РР·РјРµРЅРµРЅРѕ РїРёРєСЃРµР»РµР№: 161778
2025-03-18 13:00:56,681 - INFO - РђРєС‚РёРІРЅРѕРµ РѕРєРЅРѕ: main.py - Untitled (Workspace) - Visual Studio Code [Administrator]
2025-03-18 13:00:57,682 - INFO - РђРєС‚РёРІРЅРѕРµ РѕРєРЅРѕ: в—Џ main.py - Untitled (Workspace) - Visual Studio Code [Administrator]
2025-03-18 13:01:01,684 - INFO - РђРєС‚РёРІРЅРѕРµ РѕРєРЅРѕ: main.py - Untitled (Workspace) - Visual Studio Code [Administrator]
2025-03-18 13:01:25,695 - INFO - РђРєС‚РёРІРЅРѕРµ РѕРєРЅРѕ: в—Џ main.py - Untitled (Workspace) - Visual Studio Code [Administrator]
2025-03-18 13:01:37,701 - INFO - Р’С‹С…РѕРґ РёР· РїСЂРѕРіСЂР°РјРјС‹ РїРѕ РЅР°Р¶Р°С‚РёСЋ РєР»Р°РІРёС€Рё 'E'.
2025-03-18 13:01:43,116 - INFO - РђРєС‚РёРІРЅРѕРµ РѕРєРЅРѕ: main.py - Untitled (Workspace) - Visual Studio Code [Administrator]
2025-03-18 13:01:56,182 - INFO - РђРєС‚РёРІРЅРѕРµ РѕРєРЅРѕ: Iriun Webcam v2.8.9
2025-03-18 13:01:56,230 - INFO - РЎРѕС…СЂР°РЅРµРЅРѕ РЅР°С‡Р°Р»СЊРЅРѕРµ РёР·РѕР±СЂР°Р¶РµРЅРёРµ.
2025-03-18 13:02:00,417 - INFO - РЎСЂР°Р±Р°С‚С‹РІР°РЅРёРµ РѕР±РЅР°СЂСѓР¶РµРЅРѕ! Р“СЂСѓРїРїРѕРІРѕРµ РєРѕР»РёС‡РµСЃС‚РІРѕ СЃСЂР°Р±Р°С‚С‹РІР°РЅРёР№: 1. РР·РјРµРЅРµРЅРѕ РїРёРєСЃРµР»РµР№: 49744
2025-03-18 13:02:16,162 - INFO - РЎСЂР°Р±Р°С‚С‹РІР°РЅРёРµ РѕР±РЅР°СЂСѓР¶РµРЅРѕ! Р“СЂСѓРїРїРѕРІРѕРµ РєРѕР»РёС‡РµСЃС‚РІРѕ СЃСЂР°Р±Р°С‚С‹РІР°РЅРёР№: 2. РР·РјРµРЅРµРЅРѕ РїРёРєСЃРµР»РµР№: 18580
2025-03-18 13:02:22,462 - INFO - РЎСЂР°Р±Р°С‚С‹РІР°РЅРёРµ РѕР±РЅР°СЂСѓР¶РµРЅРѕ! Р“СЂСѓРїРїРѕРІРѕРµ РєРѕР»РёС‡РµСЃС‚РІРѕ СЃСЂР°Р±Р°С‚С‹РІР°РЅРёР№: 3. РР·РјРµРЅРµРЅРѕ РїРёРєСЃРµР»РµР№: 241106
2025-03-18 13:02:26,662 - INFO - РЎСЂР°Р±Р°С‚С‹РІР°РЅРёРµ РѕР±РЅР°СЂСѓР¶РµРЅРѕ! Р“СЂСѓРїРїРѕРІРѕРµ РєРѕР»РёС‡РµСЃС‚РІРѕ СЃСЂР°Р±Р°С‚С‹РІР°РЅРёР№: 4. РР·РјРµРЅРµРЅРѕ РїРёРєСЃРµР»РµР№: 169758
2025-03-18 13:02:30,872 - INFO - РЎСЂР°Р±Р°С‚С‹РІР°РЅРёРµ РѕР±РЅР°СЂСѓР¶РµРЅРѕ! Р“СЂСѓРїРїРѕРІРѕРµ РєРѕР»РёС‡РµСЃС‚РІРѕ СЃСЂР°Р±Р°С‚С‹РІР°РЅРёР№: 5. РР·РјРµРЅРµРЅРѕ РїРёРєСЃРµР»РµР№: 100950
2025-03-18 13:02:33,989 - INFO - РђРєС‚РёРІРЅРѕРµ РѕРєРЅРѕ: main.py - Untitled (Workspace) - Visual Studio Code [Administrator]
2025-03-18 13:02:36,990 - INFO - РђРєС‚РёРІРЅРѕРµ РѕРєРЅРѕ: в—Џ main.py - Untitled (Workspace) - Visual Studio Code [Administrator]
2025-03-18 13:02:37,991 - INFO - РђРєС‚РёРІРЅРѕРµ РѕРєРЅРѕ: main.py - Untitled (Workspace) - Visual Studio Code [Administrator]
2025-03-18 13:02:42,993 - INFO - РђРєС‚РёРІРЅРѕРµ РѕРєРЅРѕ: в—Џ main.py - Untitled (Workspace) - Visual Studio Code [Administrator]
2025-03-18 13:02:43,993 - INFO - РђРєС‚РёРІРЅРѕРµ РѕРєРЅРѕ: main.py - Untitled (Workspace) - Visual Studio Code [Administrator]
2025-03-18 13:02:53,999 - INFO - Р’С‹С…РѕРґ РёР· РїСЂРѕРіСЂР°РјРјС‹ РїРѕ РЅР°Р¶Р°С‚РёСЋ РєР»Р°РІРёС€Рё 'E'.
2025-03-18 13:02:57,246 - INFO - РђРєС‚РёРІРЅРѕРµ РѕРєРЅРѕ: main.py - Untitled (Workspace) - Visual Studio Code [Administrator]
2025-03-18 13:03:00,328 - INFO - РђРєС‚РёРІРЅРѕРµ РѕРєРЅРѕ: Iriun Webcam v2.8.9
2025-03-18 13:03:00,375 - INFO - РЎРѕС…СЂР°РЅРµРЅРѕ РЅР°С‡Р°Р»СЊРЅРѕРµ РёР·РѕР±СЂР°Р¶РµРЅРёРµ.
2025-03-18 13:03:04,564 - INFO - РЎСЂР°Р±Р°С‚С‹РІР°РЅРёРµ РѕР±РЅР°СЂСѓР¶РµРЅРѕ! Р“СЂСѓРїРїРѕРІРѕРµ РєРѕР»РёС‡РµСЃС‚РІРѕ СЃСЂР°Р±Р°С‚С‹РІР°РЅРёР№: 5. РР·РјРµРЅРµРЅРѕ РїРёРєСЃРµР»РµР№: 43336
2025-03-18 13:03:09,811 - INFO - РЎСЂР°Р±Р°С‚С‹РІР°РЅРёРµ РѕР±РЅР°СЂСѓР¶РµРЅРѕ! Р“СЂСѓРїРїРѕРІРѕРµ РєРѕР»РёС‡РµСЃС‚РІРѕ СЃСЂР°Р±Р°С‚С‹РІР°РЅРёР№: 6. РР·РјРµРЅРµРЅРѕ РїРёРєСЃРµР»РµР№: 498063
2025-03-18 13:03:14,011 - INFO - РЎСЂР°Р±Р°С‚С‹РІР°РЅРёРµ РѕР±РЅР°СЂСѓР¶РµРЅРѕ! Р“СЂСѓРїРїРѕРІРѕРµ РєРѕР»РёС‡РµСЃС‚РІРѕ СЃСЂР°Р±Р°С‚С‹РІР°РЅРёР№: 7. РР·РјРµРЅРµРЅРѕ РїРёРєСЃРµР»РµР№: 255068
2025-03-18 13:03:18,222 - INFO - РЎСЂР°Р±Р°С‚С‹РІР°РЅРёРµ РѕР±РЅР°СЂСѓР¶РµРЅРѕ! Р“СЂСѓРїРїРѕРІРѕРµ РєРѕР»РёС‡РµСЃС‚РІРѕ СЃСЂР°Р±Р°С‚С‹РІР°РЅРёР№: 8. РР·РјРµРЅРµРЅРѕ РїРёРєСЃРµР»РµР№: 330838
2025-03-18 13:03:22,406 - INFO - РЎСЂР°Р±Р°С‚С‹РІР°РЅРёРµ РѕР±РЅР°СЂСѓР¶РµРЅРѕ! Р“СЂСѓРїРїРѕРІРѕРµ РєРѕР»РёС‡РµСЃС‚РІРѕ СЃСЂР°Р±Р°С‚С‹РІР°РЅРёР№: 9. РР·РјРµРЅРµРЅРѕ РїРёРєСЃРµР»РµР№: 217016
2025-03-18 13:03:26,613 - INFO - РЎСЂР°Р±Р°С‚С‹РІР°РЅРёРµ РѕР±РЅР°СЂСѓР¶РµРЅРѕ! Р“СЂСѓРїРїРѕРІРѕРµ РєРѕР»РёС‡РµСЃС‚РІРѕ СЃСЂР°Р±Р°С‚С‹РІР°РЅРёР№: 10. РР·РјРµРЅРµРЅРѕ РїРёРєСЃРµР»РµР№: 210439
2025-03-18 13:03:30,771 - INFO - РђРєС‚РёРІРЅРѕРµ РѕРєРЅРѕ: main.py - Untitled (Workspace) - Visual Studio Code [Administrator]
2025-03-18 13:03:32,772 - INFO - РђРєС‚РёРІРЅРѕРµ РѕРєРЅРѕ: Iriun Webcam v2.8.9
2025-03-18 13:03:32,838 - INFO - РЎСЂР°Р±Р°С‚С‹РІР°РЅРёРµ РѕР±РЅР°СЂСѓР¶РµРЅРѕ! Р“СЂСѓРїРїРѕРІРѕРµ РєРѕР»РёС‡РµСЃС‚РІРѕ СЃСЂР°Р±Р°С‚С‹РІР°РЅРёР№: 11. РР·РјРµРЅРµРЅРѕ РїРёРєСЃРµР»РµР№: 152705
2025-03-18 13:03:47,522 - INFO - РЎСЂР°Р±Р°С‚С‹РІР°РЅРёРµ РѕР±РЅР°СЂСѓР¶РµРЅРѕ! Р“СЂСѓРїРїРѕРІРѕРµ РєРѕР»РёС‡РµСЃС‚РІРѕ СЃСЂР°Р±Р°С‚С‹РІР°РЅРёР№: 12. РР·РјРµРЅРµРЅРѕ РїРёРєСЃРµР»РµР№: 57287
2025-03-18 13:03:52,808 - INFO - РЎСЂР°Р±Р°С‚С‹РІР°РЅРёРµ РѕР±РЅР°СЂСѓР¶РµРЅРѕ! Р“СЂСѓРїРїРѕРІРѕРµ РєРѕР»РёС‡РµСЃС‚РІРѕ СЃСЂР°Р±Р°С‚С‹РІР°РЅРёР№: 13. РР·РјРµРЅРµРЅРѕ РїРёРєСЃРµР»РµР№: 38396
2025-03-18 13:03:58,055 - INFO - РЎСЂР°Р±Р°С‚С‹РІР°РЅРёРµ РѕР±РЅР°СЂСѓР¶РµРЅРѕ! Р“СЂСѓРїРїРѕРІРѕРµ РєРѕР»РёС‡РµСЃС‚РІРѕ СЃСЂР°Р±Р°С‚С‹РІР°РЅРёР№: 14. РР·РјРµРЅРµРЅРѕ РїРёРєСЃРµР»РµР№: 46980
2025-03-18 13:04:02,259 - INFO - РЎСЂР°Р±Р°С‚С‹РІР°РЅРёРµ РѕР±РЅР°СЂСѓР¶РµРЅРѕ! Р“СЂСѓРїРїРѕРІРѕРµ РєРѕР»РёС‡РµСЃС‚РІРѕ СЃСЂР°Р±Р°С‚С‹РІР°РЅРёР№: 15. РР·РјРµРЅРµРЅРѕ РїРёРєСЃРµР»РµР№: 57472
2025-03-18 13:04:06,452 - INFO - РЎСЂР°Р±Р°С‚С‹РІР°РЅРёРµ РѕР±РЅР°СЂСѓР¶РµРЅРѕ! Р“СЂСѓРїРїРѕРІРѕРµ РєРѕР»РёС‡РµСЃС‚РІРѕ СЃСЂР°Р±Р°С‚С‹РІР°РЅРёР№: 16. РР·РјРµРЅРµРЅРѕ РїРёРєСЃРµР»РµР№: 240730
2025-03-18 13:04:10,637 - INFO - РЎСЂР°Р±Р°С‚С‹РІР°РЅРёРµ РѕР±РЅР°СЂСѓР¶РµРЅРѕ! Р“СЂСѓРїРїРѕРІРѕРµ РєРѕР»РёС‡РµСЃС‚РІРѕ СЃСЂР°Р±Р°С‚С‹РІР°РЅРёР№: 17. РР·РјРµРЅРµРЅРѕ РїРёРєСЃРµР»РµР№: 243131
2025-03-18 13:04:14,816 - INFO - РЎСЂР°Р±Р°С‚С‹РІР°РЅРёРµ РѕР±РЅР°СЂСѓР¶РµРЅРѕ! Р“СЂСѓРїРїРѕРІРѕРµ РєРѕР»РёС‡РµСЃС‚РІРѕ СЃСЂР°Р±Р°С‚С‹РІР°РЅРёР№: 18. РР·РјРµРЅРµРЅРѕ РїРёРєСЃРµР»РµР№: 397064
2025-03-18 13:04:19,000 - INFO - РЎСЂР°Р±Р°С‚С‹РІР°РЅРёРµ РѕР±РЅР°СЂСѓР¶РµРЅРѕ! Р“СЂСѓРїРїРѕРІРѕРµ РєРѕР»РёС‡РµСЃС‚РІРѕ СЃСЂР°Р±Р°С‚С‹РІР°РЅРёР№: 19. РР·РјРµРЅРµРЅРѕ РїРёРєСЃРµР»РµР№: 155788
2025-03-18 13:07:29,851 - INFO - РЎСЂР°Р±Р°С‚С‹РІР°РЅРёРµ РѕР±РЅР°СЂСѓР¶РµРЅРѕ! Р“СЂСѓРїРїРѕРІРѕРµ РєРѕР»РёС‡РµСЃС‚РІРѕ СЃСЂР°Р±Р°С‚С‹РІР°РЅРёР№: 20. РР·РјРµРЅРµРЅРѕ РїРёРєСЃРµР»РµР№: 66771
2025-03-18 13:07:34,035 - INFO - РЎСЂР°Р±Р°С‚С‹РІР°РЅРёРµ РѕР±РЅР°СЂСѓР¶РµРЅРѕ! Р“СЂСѓРїРїРѕРІРѕРµ РєРѕР»РёС‡РµСЃС‚РІРѕ СЃСЂР°Р±Р°С‚С‹РІР°РЅРёР№: 21. РР·РјРµРЅРµРЅРѕ РїРёРєСЃРµР»РµР№: 391796
2025-03-18 13:07:38,248 - INFO - РЎСЂР°Р±Р°С‚С‹РІР°РЅРёРµ РѕР±РЅР°СЂСѓР¶РµРЅРѕ! Р“СЂСѓРїРїРѕРІРѕРµ РєРѕР»РёС‡РµСЃС‚РІРѕ СЃСЂР°Р±Р°С‚С‹РІР°РЅРёР№: 22. РР·РјРµРЅРµРЅРѕ РїРёРєСЃРµР»РµР№: 144065
2025-03-18 13:07:42,465 - INFO - РЎСЂР°Р±Р°С‚С‹РІР°РЅРёРµ РѕР±РЅР°СЂСѓР¶РµРЅРѕ! Р“СЂСѓРїРїРѕРІРѕРµ РєРѕР»РёС‡РµСЃС‚РІРѕ СЃСЂР°Р±Р°С‚С‹РІР°РЅРёР№: 23. РР·РјРµРЅРµРЅРѕ РїРёРєСЃРµР»РµР№: 75571
2025-03-18 13:07:46,655 - INFO - РЎСЂР°Р±Р°С‚С‹РІР°РЅРёРµ РѕР±РЅР°СЂСѓР¶РµРЅРѕ! Р“СЂСѓРїРїРѕРІРѕРµ РєРѕР»РёС‡РµСЃС‚РІРѕ СЃСЂР°Р±Р°С‚С‹РІР°РЅРёР№: 24. РР·РјРµРЅРµРЅРѕ РїРёРєСЃРµР»РµР№: 615965
2025-03-18 13:07:51,928 - INFO - РЎСЂР°Р±Р°С‚С‹РІР°РЅРёРµ РѕР±РЅР°СЂСѓР¶РµРЅРѕ! Р“СЂСѓРїРїРѕРІРѕРµ РєРѕР»РёС‡РµСЃС‚РІРѕ СЃСЂР°Р±Р°С‚С‹РІР°РЅРёР№: 25. РР·РјРµРЅРµРЅРѕ РїРёРєСЃРµР»РµР№: 112017
2025-03-18 13:07:56,116 - INFO - РЎСЂР°Р±Р°С‚С‹РІР°РЅРёРµ РѕР±РЅР°СЂСѓР¶РµРЅРѕ! Р“СЂСѓРїРїРѕРІРѕРµ РєРѕР»РёС‡РµСЃС‚РІРѕ СЃСЂР°Р±Р°С‚С‹РІР°РЅРёР№: 26. РР·РјРµРЅРµРЅРѕ РїРёРєСЃРµР»РµР№: 154557
2025-03-18 13:08:02,409 - INFO - РЎСЂР°Р±Р°С‚С‹РІР°РЅРёРµ РѕР±РЅР°СЂСѓР¶РµРЅРѕ! Р“СЂСѓРїРїРѕРІРѕРµ РєРѕР»РёС‡РµСЃС‚РІРѕ СЃСЂР°Р±Р°С‚С‹РІР°РЅРёР№: 27. РР·РјРµРЅРµРЅРѕ РїРёРєСЃРµР»РµР№: 396925
2025-03-18 13:08:19,193 - INFO - РЎСЂР°Р±Р°С‚С‹РІР°РЅРёРµ РѕР±РЅР°СЂСѓР¶РµРЅРѕ! Р“СЂСѓРїРїРѕРІРѕРµ РєРѕР»РёС‡РµСЃС‚РІРѕ СЃСЂР°Р±Р°С‚С‹РІР°РЅРёР№: 28. РР·РјРµРЅРµРЅРѕ РїРёРєСЃРµР»РµР№: 74565
2025-03-18 13:08:24,459 - INFO - РЎСЂР°Р±Р°С‚С‹РІР°РЅРёРµ РѕР±РЅР°СЂСѓР¶РµРЅРѕ! Р“СЂСѓРїРїРѕРІРѕРµ РєРѕР»РёС‡РµСЃС‚РІРѕ СЃСЂР°Р±Р°С‚С‹РІР°РЅРёР№: 29. РР·РјРµРЅРµРЅРѕ РїРёРєСЃРµР»РµР№: 201959
2025-03-18 13:08:43,437 - INFO - РЎСЂР°Р±Р°С‚С‹РІР°РЅРёРµ РѕР±РЅР°СЂСѓР¶РµРЅРѕ! Р“СЂСѓРїРїРѕРІРѕРµ РєРѕР»РёС‡РµСЃС‚РІРѕ СЃСЂР°Р±Р°С‚С‹РІР°РЅРёР№: 30. РР·РјРµРЅРµРЅРѕ РїРёРєСЃРµР»РµР№: 51704
2025-03-18 13:08:59,187 - INFO - РЎСЂР°Р±Р°С‚С‹РІР°РЅРёРµ РѕР±РЅР°СЂСѓР¶РµРЅРѕ! Р“СЂСѓРїРїРѕРІРѕРµ РєРѕР»РёС‡РµСЃС‚РІРѕ СЃСЂР°Р±Р°С‚С‹РІР°РЅРёР№: 31. РР·РјРµРЅРµРЅРѕ РїРёРєСЃРµР»РµР№: 31040
2025-03-18 13:09:06,524 - INFO - РђРєС‚РёРІРЅРѕРµ РѕРєРЅРѕ: main.py - Untitled (Workspace) - Visual Studio Code [Administrator]
2025-03-18 13:09:07,524 - INFO - РђРєС‚РёРІРЅРѕРµ РѕРєРЅРѕ: в—Џ main.py - Untitled (Workspace) - Visual Studio Code [Administrator]
2025-03-18 13:09:11,526 - INFO - РђРєС‚РёРІРЅРѕРµ РѕРєРЅРѕ: main.py - Untitled (Workspace) - Visual Studio Code [Administrator]
2025-03-18 13:09:16,529 - INFO - Р’С‹С…РѕРґ РёР· РїСЂРѕРіСЂР°РјРјС‹ РїРѕ РЅР°Р¶Р°С‚РёСЋ РєР»Р°РІРёС€Рё 'E'.
2025-03-18 13:09:20,063 - INFO - РђРєС‚РёРІРЅРѕРµ РѕРєРЅРѕ: main.py - Untitled (Workspace) - Visual Studio Code [Administrator]
2025-03-18 13:09:22,114 - INFO - РђРєС‚РёРІРЅРѕРµ РѕРєРЅРѕ: Iriun Webcam v2.8.9
2025-03-18 13:09:22,165 - INFO - РЎРѕС…СЂР°РЅРµРЅРѕ РЅР°С‡Р°Р»СЊРЅРѕРµ РёР·РѕР±СЂР°Р¶РµРЅРёРµ.
2025-03-18 13:09:31,676 - INFO - РЎСЂР°Р±Р°С‚С‹РІР°РЅРёРµ РѕР±РЅР°СЂСѓР¶РµРЅРѕ! Р“СЂСѓРїРїРѕРІРѕРµ РєРѕР»РёС‡РµСЃС‚РІРѕ СЃСЂР°Р±Р°С‚С‹РІР°РЅРёР№: 1. РР·РјРµРЅРµРЅРѕ РїРёРєСЃРµР»РµР№: 46545
2025-03-18 13:09:48,606 - INFO - РЎСЂР°Р±Р°С‚С‹РІР°РЅРёРµ РѕР±РЅР°СЂСѓР¶РµРЅРѕ! Р“СЂСѓРїРїРѕРІРѕРµ РєРѕР»РёС‡РµСЃС‚РІРѕ СЃСЂР°Р±Р°С‚С‹РІР°РЅРёР№: 2. РР·РјРµРЅРµРЅРѕ РїРёРєСЃРµР»РµР№: 32529
2025-03-18 13:10:00,188 - INFO - РђРєС‚РёРІРЅРѕРµ РѕРєРЅРѕ: main.py - Untitled (Workspace) - Visual Studio Code [Administrator]
2025-03-18 13:10:05,190 - INFO - РђРєС‚РёРІРЅРѕРµ РѕРєРЅРѕ: в—Џ main.py - Untitled (Workspace) - Visual Studio Code [Administrator]
2025-03-18 13:10:07,191 - INFO - РђРєС‚РёРІРЅРѕРµ РѕРєРЅРѕ: main.py - Untitled (Workspace) - Visual Studio Code [Administrator]
2025-03-18 13:10:10,193 - INFO - РђРєС‚РёРІРЅРѕРµ РѕРєРЅРѕ: в—Џ main.py - Untitled (Workspace) - Visual Studio Code [Administrator]
2025-03-18 13:10:12,194 - INFO - РђРєС‚РёРІРЅРѕРµ РѕРєРЅРѕ: main.py - Untitled (Workspace) - Visual Studio Code [Administrator]
2025-03-18 13:10:17,328 - INFO - РђРєС‚РёРІРЅРѕРµ РѕРєРЅРѕ: main.py - Untitled (Workspace) - Visual Studio Code [Administrator]
2025-03-18 13:10:19,379 - INFO - РђРєС‚РёРІРЅРѕРµ РѕРєРЅРѕ: Iriun Webcam v2.8.9
2025-03-18 13:10:19,428 - INFO - РЎРѕС…СЂР°РЅРµРЅРѕ РЅР°С‡Р°Р»СЊРЅРѕРµ РёР·РѕР±СЂР°Р¶РµРЅРёРµ.
2025-03-18 13:10:23,651 - INFO - РЎСЂР°Р±Р°С‚С‹РІР°РЅРёРµ РѕР±РЅР°СЂСѓР¶РµРЅРѕ! Р“СЂСѓРїРїРѕРІРѕРµ РєРѕР»РёС‡РµСЃС‚РІРѕ СЃСЂР°Р±Р°С‚С‹РІР°РЅРёР№: 1. РР·РјРµРЅРµРЅРѕ РїРёРєСЃРµР»РµР№: 17264
2025-03-18 13:10:28,903 - INFO - РЎСЂР°Р±Р°С‚С‹РІР°РЅРёРµ РѕР±РЅР°СЂСѓР¶РµРЅРѕ! Р“СЂСѓРїРїРѕРІРѕРµ РєРѕР»РёС‡РµСЃС‚РІРѕ СЃСЂР°Р±Р°С‚С‹РІР°РЅРёР№: 2. РР·РјРµРЅРµРЅРѕ РїРёРєСЃРµР»РµР№: 11558
2025-03-18 13:10:47,828 - INFO - РЎСЂР°Р±Р°С‚С‹РІР°РЅРёРµ РѕР±РЅР°СЂСѓР¶РµРЅРѕ! Р“СЂСѓРїРїРѕРІРѕРµ РєРѕР»РёС‡РµСЃС‚РІРѕ СЃСЂР°Р±Р°С‚С‹РІР°РЅРёР№: 3. РР·РјРµРЅРµРЅРѕ РїРёРєСЃРµР»РµР№: 67120
2025-03-18 13:10:52,010 - INFO - РЎСЂР°Р±Р°С‚С‹РІР°РЅРёРµ РѕР±РЅР°СЂСѓР¶РµРЅРѕ! Р“СЂСѓРїРїРѕРІРѕРµ РєРѕР»РёС‡РµСЃС‚РІРѕ СЃСЂР°Р±Р°С‚С‹РІР°РЅРёР№: 4. РР·РјРµРЅРµРЅРѕ РїРёРєСЃРµР»РµР№: 81869
2025-03-18 13:10:56,230 - INFO - РЎСЂР°Р±Р°С‚С‹РІР°РЅРёРµ РѕР±РЅР°СЂСѓР¶РµРЅРѕ! Р“СЂСѓРїРїРѕРІРѕРµ РєРѕР»РёС‡РµСЃС‚РІРѕ СЃСЂР°Р±Р°С‚С‹РІР°РЅРёР№: 5. РР·РјРµРЅРµРЅРѕ РїРёРєСЃРµР»РµР№: 294508
2025-03-18 13:10:58,277 - INFO - РђРєС‚РёРІРЅРѕРµ РѕРєРЅРѕ: в—Џ main.py - Untitled (Workspace) - Visual Studio Code [Administrator]
2025-03-18 13:11:07,282 - INFO - РђРєС‚РёРІРЅРѕРµ РѕРєРЅРѕ: main.py - Untitled (Workspace) - Visual Studio Code [Administrator]
2025-03-18 13:11:45,299 - INFO - РђРєС‚РёРІРЅРѕРµ РѕРєРЅРѕ: РїСЂРѕРіСЂР°РјРјР° РґР»СЏ РїСЂРѕРІРµСЂРєРё РёР·РјРµРЅРµРЅРёР№ РІ РѕРєРЅРµ РєРѕРјРїСЊСЋС‚РµСЂР° - Monica - Google Chrome
2025-03-18 13:11:48,301 - INFO - РђРєС‚РёРІРЅРѕРµ РѕРєРЅРѕ: main.py - Untitled (Workspace) - Visual Studio Code [Administrator]
2025-03-18 13:12:00,306 - INFO - РђРєС‚РёРІРЅРѕРµ РѕРєРЅРѕ: в—Џ main.py - Untitled (Workspace) - Visual Studio Code [Administrator]
2025-03-18 13:12:05,310 - INFO - РђРєС‚РёРІРЅРѕРµ РѕРєРЅРѕ: main.py - Untitled (Workspace) - Visual Studio Code [Administrator]
2025-03-18 13:12:10,312 - INFO - РђРєС‚РёРІРЅРѕРµ РѕРєРЅРѕ: system_monitor.log - Untitled (Workspace) - Visual Studio Code [Administrator]
2025-03-18 13:12:13,313 - INFO - РђРєС‚РёРІРЅРѕРµ РѕРєРЅРѕ: main.py - Untitled (Workspace) - Visual Studio Code [Administrator]
2025-03-18 13:12:16,315 - INFO - РђРєС‚РёРІРЅРѕРµ РѕРєРЅРѕ: в—Џ main.py - Untitled (Workspace) - Visual Studio Code [Administrator]
2025-03-18 13:12:18,316 - INFO - РђРєС‚РёРІРЅРѕРµ РѕРєРЅРѕ: main.py - Untitled (Workspace) - Visual Studio Code [Administrator]
2025-03-18 13:12:30,322 - INFO - РђРєС‚РёРІРЅРѕРµ РѕРєРЅРѕ: в—Џ main.py - Untitled (Workspace) - Visual Studio Code [Administrator]
2025-03-18 13:12:31,323 - INFO - РђРєС‚РёРІРЅРѕРµ РѕРєРЅРѕ: main.py - Untitled (Workspace) - Visual Studio Code [Administrator]
2025-03-18 13:12:36,325 - INFO - РђРєС‚РёРІРЅРѕРµ РѕРєРЅРѕ: в—Џ main.py - Untitled (Workspace) - Visual Studio Code [Administrator]
2025-03-18 13:12:49,331 - INFO - РђРєС‚РёРІРЅРѕРµ РѕРєРЅРѕ: main.py - Untitled (Workspace) - Visual Studio Code [Administrator]
2025-03-18 13:12:55,333 - INFO - РђРєС‚РёРІРЅРѕРµ РѕРєРЅРѕ: в—Џ main.py - Untitled (Workspace) - Visual Studio Code [Administrator]
2025-03-18 13:13:02,336 - INFO - РђРєС‚РёРІРЅРѕРµ РѕРєРЅРѕ: main.py - Untitled (Workspace) - Visual Studio Code [Administrator]
2025-03-18 13:13:03,337 - INFO - РђРєС‚РёРІРЅРѕРµ РѕРєРЅРѕ: system_monitor.log - Untitled (Workspace) - Visual Studio Code [Administrator]
2025-03-18 13:13:06,338 - INFO - РђРєС‚РёРІРЅРѕРµ РѕРєРЅРѕ: main.py - Untitled (Workspace) - Visual Studio Code [Administrator]
2025-03-18 13:13:23,346 - INFO - РђРєС‚РёРІРЅРѕРµ РѕРєРЅРѕ: в—Џ main.py - Untitled (Workspace) - Visual Studio Code [Administrator]
2025-03-18 13:13:25,347 - INFO - РђРєС‚РёРІРЅРѕРµ РѕРєРЅРѕ: main.py - Untitled (Workspace) - Visual Studio Code [Administrator]
2025-03-18 13:13:28,349 - INFO - РђРєС‚РёРІРЅРѕРµ РѕРєРЅРѕ: РїСЂРѕРіСЂР°РјРјР° РґР»СЏ РїСЂРѕРІРµСЂРєРё РёР·РјРµРЅРµРЅРёР№ РІ РѕРєРЅРµ РєРѕРјРїСЊСЋС‚РµСЂР° - Monica - Google Chrome
2025-03-18 13:13:32,350 - INFO - РђРєС‚РёРІРЅРѕРµ РѕРєРЅРѕ: main.py - Untitled (Workspace) - Visual Studio Code [Administrator]
2025-03-18 13:13:46,357 - INFO - РђРєС‚РёРІРЅРѕРµ РѕРєРЅРѕ: РїСЂРѕРіСЂР°РјРјР° РґР»СЏ РїСЂРѕРІРµСЂРєРё РёР·РјРµРЅРµРЅРёР№ РІ РѕРєРЅРµ РєРѕРјРїСЊСЋС‚РµСЂР° - Monica - Google Chrome
2025-03-18 13:13:53,361 - INFO - РђРєС‚РёРІРЅРѕРµ РѕРєРЅРѕ: main.py - Untitled (Workspace) - Visual Studio Code [Administrator]
2025-03-18 13:17:37,814 - INFO - РђРєС‚РёРІРЅРѕРµ РѕРєРЅРѕ: Iriun Webcam v2.8.9
2025-03-18 13:17:37,865 - INFO - РЎРѕС…СЂР°РЅРµРЅРѕ РЅР°С‡Р°Р»СЊРЅРѕРµ РёР·РѕР±СЂР°Р¶РµРЅРёРµ.
2025-03-18 13:17:46,286 - INFO - РљРѕР» СЃСЂ: 1. РР·РјРµРЅРµРЅРѕ РїРёРєСЃРµР»РµР№: 127706
2025-03-18 13:17:50,474 - INFO - РљРѕР» СЃСЂ: 2. РР·РјРµРЅРµРЅРѕ РїРёРєСЃРµР»РµР№: 103197
2025-03-18 13:17:54,655 - INFO - РљРѕР» СЃСЂ: 3. РР·РјРµРЅРµРЅРѕ РїРёРєСЃРµР»РµР№: 216991
2025-03-18 13:18:52,244 - INFO - РљРѕР» СЃСЂ: 4. РР·РјРµРЅРµРЅРѕ РїРёРєСЃРµР»РµР№: 37290
2025-03-18 13:18:58,531 - INFO - РљРѕР» СЃСЂ: 5. РР·РјРµРЅРµРЅРѕ РїРёРєСЃРµР»РµР№: 44595
2025-03-18 13:19:02,737 - INFO - РљРѕР» СЃСЂ: 6. РР·РјРµРЅРµРЅРѕ РїРёРєСЃРµР»РµР№: 56523
2025-03-18 13:19:06,925 - INFO - РљРѕР» СЃСЂ: 7. РР·РјРµРЅРµРЅРѕ РїРёРєСЃРµР»РµР№: 268940
2025-03-18 13:19:11,108 - INFO - РљРѕР» СЃСЂ: 8. РР·РјРµРЅРµРЅРѕ РїРёРєСЃРµР»РµР№: 149920
2025-03-18 13:19:15,297 - INFO - РљРѕР» СЃСЂ: 9. РР·РјРµРЅРµРЅРѕ РїРёРєСЃРµР»РµР№: 253900
2025-03-18 13:19:19,490 - INFO - РљРѕР» СЃСЂ: 10. РР·РјРµРЅРµРЅРѕ РїРёРєСЃРµР»РµР№: 171571
2025-03-18 13:19:23,675 - INFO - РљРѕР» СЃСЂ: 11. РР·РјРµРЅРµРЅРѕ РїРёРєСЃРµР»РµР№: 169871
2025-03-18 13:19:27,861 - INFO - РљРѕР» СЃСЂ: 12. РР·РјРµРЅРµРЅРѕ РїРёРєСЃРµР»РµР№: 481047
2025-03-18 13:19:58,794 - INFO - РђРєС‚РёРІРЅРѕРµ РѕРєРЅРѕ: main.py - Untitled (Workspace) - Visual Studio Code [Administrator]
2025-03-18 13:20:00,846 - INFO - РђРєС‚РёРІРЅРѕРµ РѕРєРЅРѕ: Iriun Webcam v2.8.9
2025-03-18 13:20:00,902 - INFO - РЎРѕС…СЂР°РЅРµРЅРѕ РЅР°С‡Р°Р»СЊРЅРѕРµ РёР·РѕР±СЂР°Р¶РµРЅРёРµ.
2025-03-18 13:20:05,108 - INFO - РљРѕР» СЃСЂ: 1. РР·РјРµРЅРµРЅРѕ РїРёРєСЃРµР»РµР№: 97534
2025-03-18 13:20:09,297 - INFO - РљРѕР» СЃСЂ: 2. РР·РјРµРЅРµРЅРѕ РїРёРєСЃРµР»РµР№: 76696
2025-03-18 13:20:10,297 - INFO - РђРєС‚РёРІРЅРѕРµ РѕРєРЅРѕ: main.py - Untitled (Workspace) - Visual Studio Code [Administrator]
